0 info it worked if it ends with ok
1 verbose cli [ '/Users/sdepold/.nvm/v0.8.23/bin/node',
1 verbose cli   '/Users/sdepold/.nvm/v0.8.23/bin/npm',
1 verbose cli   'start' ]
2 info using npm@1.2.18
3 info using node@v0.8.23
4 verbose read json /Users/sdepold/Projects/sequelize-doc/package.json
5 error Error: ENOENT, open '/Users/sdepold/Projects/sequelize-doc/package.json'
6 error If you need help, you may report this log at:
6 error     <http://github.com/isaacs/npm/issues>
6 error or email it to:
6 error     <npm-@googlegroups.com>
7 error System Darwin 12.4.0
8 error command "/Users/sdepold/.nvm/v0.8.23/bin/node" "/Users/sdepold/.nvm/v0.8.23/bin/npm" "start"
9 error cwd /Users/sdepold/Projects/sequelize-doc
10 error node -v v0.8.23
11 error npm -v 1.2.18
12 error path /Users/sdepold/Projects/sequelize-doc/package.json
13 error code ENOENT
14 error errno 34
15 verbose exit [ 34, true ]
